<?xml version="1.0" encoding="UTF-8"?>
<testsuite xmlns:xsi="http://www.w3.org/2001/XMLSchema-instance" xsi:schemaLocation="https://maven.apache.org/surefire/maven-surefire-plugin/xsd/surefire-test-report.xsd" name="BoardTest" time="0.089" tests="12" errors="0" skipped="0" failures="0">
  <properties>
[...]
</properties>
  <testcase name="testIfCircleHasWonOn5x5Board" classname="BoardTest" time="0.002"/>
  <testcase name="test3CrossesInRow" classname="BoardTest" time="0"/>
  <testcase name="testIfCircleHasWonOn3x3Board" classname="BoardTest" time="0"/>
  <testcase name="test5CircleInColumn" classname="BoardTest" time="0.001"/>
  <testcase name="testIfTheBoardContainsOfBoxes" classname="BoardTest" time="0.064"/>
  <testcase name="test3Diagonally" classname="BoardTest" time="0.001"/>
  <testcase name="testIfCrossHasWonOn5x5Board" classname="BoardTest" time="0"/>
  <testcase name="testIfTheBoardHasSize3x3" classname="BoardTest" time="0.004"/>
  <testcase name="testIfTheBoardHasSize5x5" classname="BoardTest" time="0.001"/>
  <testcase name="testIfTheBoardIsPrinted" classname="BoardTest" time="0.001"/>
  <testcase name="testIfThereIsTieOn3x3Board" classname="BoardTest" time="0"/>
  <testcase name="testIfCrossHasWonOn3x3Board" classname="BoardTest" time="0.001"/>
</testsuite>